第 1 頁
[0-0]
稻作病蟲害
水稻病害
一、稻種消毒
為消滅附著在稻種上的稻熱病、苗徒長病、胡麻葉枯病、條葉枯病、小粒菌核病等病
原菌，以減輕在苗床和本田發病機會。稻種經選種後，任選下表一種藥劑消毒。
藥劑名稱
TACTRI
[0-1]
25.9%得克利
水基乳劑
(Tebuconazole)
50%免賴得
可濕性粉劑
(Benomyl)
40%免賴地
可濕性粉劑
(Benomyl+
Thiram)
80%多得淨
可濕性粉劑
(Thiophanate+
Thiram)
30%佈生乳劑
(TCMTB)
30%佈生乳劑
(TCMTB)
25%撲克拉
水基乳劑
(Prochloraz)
25%撲克拉乳劑
(Prochloraz)
41.8%腐絕水懸劑
(Thiabendazole)
41.8%腐絕水懸劑
(Thiabendazole)
[1-0]
浸藥時間
(小時)
[1-1]
24
4～12
4～12
6～12
6

24
24
1～6
24
[2-0]
稀釋倍數
(倍)
[2-1]
2,000
1,000
1,000
800
1,000
60倍（每
100公斤稻
種用藥量
110公撮）
1,000
1,000
2,000
2,000
[3-0]
施藥方法
[3-1]
稻種直接消毒24小時後，
再浸水催芽。
稻種預先浸水催芽，至萌
芽時，即刻浸漬於左列藥
液內，並時加攪動（或搖
動），以提高藥效。
稻種預先浸水催芽，至萌
芽時，即刻浸漬於左列藥
液內，並時加攪動（或搖
動），以提高藥效。
稻種預先浸水催芽，至
萌芽時，以左列藥劑浸
漬，並時加攪拌，以提
高藥效。
1.稻種浸漬時加攪拌，以
提高藥效。
2.消毒後再浸水催芽。
1.將塑膠布舖在平坦地上
，然後將稻種均勻鋪其
上，隨即將稀釋液均勻
撒佈，予以充分攪拌。
2.消毒後放置2天以上再浸
水催芽。
稻種直接消毒24小時後，
再浸水催芽。
稻種直接消毒24小時後，
再浸水催芽。
稻種預先浸水催芽，然後
以藥劑浸漬。
稻種直接消毒後再浸水催
芽。
[4-0]
注意事項
[4-1]

1.稻種消毒後不必水洗
即可播種。
2.藥液調配後24小時
內，可以連續使用三
次。
1.稻種消毒後不必水洗
即可播種。
2.藥液調配後24小時
內，可以連續使用三
次。
稻種消毒後不必水洗，
陰乾後即可播種。
藥液可連續使用二次。



1.消毒後即可播種。
2.藥液可以連續使用二
次。

第 2 頁
[0-0]
藥劑名稱
[0-1]
40%腐絕
可濕性粉劑
(Thiabendazole)
40%腐絕
可濕性粉劑
(Thiabendazole)
[0-2]
TACTRI
[1-0]
浸藥時間
(小時)
[1-1]
1～6
24
[2-0]
稀釋倍數
(倍)
[2-1]
2,000
1,500
[3-0]
施藥方法
[3-1]
稻種預先浸水催芽，然後
以藥劑浸漬。
稻種直接消毒後再浸水催
芽。
[4-0]
注意事項
[4-1]
1.消毒後即可播種。
2.藥液可以連續使用二
次。

